{"E:\\Vue_project\\djblog_node\\app.js":{"path":"E:\\Vue_project\\djblog_node\\app.js","s":{"1":1,"2":1,"3":1,"4":1,"5":1,"6":1,"7":1,"8":1,"9":1,"10":1,"11":1,"12":1,"13":1,"14":1,"15":1,"16":1,"17":0,"18":0},"b":{"1":[1,0]},"f":{"1":0},"fnMap":{"1":{"name":"(anonymous_1)","line":64,"loc":{"start":{"line":64,"column":28},"end":{"line":64,"column":40}}}},"statementMap":{"1":{"start":{"line":1,"column":0},"end":{"line":1,"column":33}},"2":{"start":{"line":2,"column":0},"end":{"line":2,"column":20}},"3":{"start":{"line":3,"column":0},"end":{"line":3,"column":39}},"4":{"start":{"line":4,"column":0},"end":{"line":4,"column":38}},"5":{"start":{"line":5,"column":0},"end":{"line":5,"column":47}},"6":{"start":{"line":6,"column":0},"end":{"line":6,"column":44}},"7":{"start":{"line":7,"column":0},"end":{"line":7,"column":41}},"8":{"start":{"line":8,"column":0},"end":{"line":8,"column":51}},"9":{"start":{"line":9,"column":0},"end":{"line":9,"column":33}},"10":{"start":{"line":10,"column":0},"end":{"line":10,"column":48}},"11":{"start":{"line":11,"column":0},"end":{"line":11,"column":24}},"12":{"start":{"line":12,"column":0},"end":{"line":12,"column":22}},"13":{"start":{"line":13,"column":0},"end":{"line":24,"column":3}},"14":{"start":{"line":44,"column":0},"end":{"line":44,"column":16}},"15":{"start":{"line":59,"column":0},"end":{"line":67,"column":1}},"16":{"start":{"line":61,"column":4},"end":{"line":61,"column":24}},"17":{"start":{"line":64,"column":4},"end":{"line":66,"column":6}},"18":{"start":{"line":65,"column":6},"end":{"line":65,"column":60}}},"branchMap":{"1":{"line":59,"type":"if","locations":[{"start":{"line":59,"column":0},"end":{"line":59,"column":0}},{"start":{"line":59,"column":0},"end":{"line":59,"column":0}}]}}},"E:\\Vue_project\\djblog_node\\routes\\index.js":{"path":"E:\\Vue_project\\djblog_node\\routes\\index.js","s":{"1":1,"2":1,"3":1,"4":1,"5":1,"6":1,"7":1,"8":1,"9":1,"10":1,"11":1,"12":1,"13":1,"14":1},"b":{},"f":{},"fnMap":{},"statementMap":{"1":{"start":{"line":1,"column":0},"end":{"line":1,"column":33}},"2":{"start":{"line":2,"column":0},"end":{"line":2,"column":30}},"3":{"start":{"line":3,"column":0},"end":{"line":3,"column":65}},"4":{"start":{"line":4,"column":0},"end":{"line":4,"column":50}},"5":{"start":{"line":13,"column":0},"end":{"line":13,"column":63}},"6":{"start":{"line":16,"column":0},"end":{"line":16,"column":69}},"7":{"start":{"line":19,"column":0},"end":{"line":19,"column":67}},"8":{"start":{"line":22,"column":0},"end":{"line":22,"column":93}},"9":{"start":{"line":25,"column":0},"end":{"line":25,"column":81}},"10":{"start":{"line":28,"column":0},"end":{"line":28,"column":58}},"11":{"start":{"line":31,"column":0},"end":{"line":31,"column":59}},"12":{"start":{"line":34,"column":0},"end":{"line":34,"column":60}},"13":{"start":{"line":37,"column":0},"end":{"line":37,"column":65}},"14":{"start":{"line":39,"column":0},"end":{"line":39,"column":24}}},"branchMap":{}},"E:\\Vue_project\\djblog_node\\middlewares\\checkLogin.js":{"path":"E:\\Vue_project\\djblog_node\\middlewares\\checkLogin.js","s":{"1":1,"2":0,"3":0,"4":0},"b":{"1":[0,0]},"f":{"1":0},"fnMap":{"1":{"name":"checkLogin","line":2,"loc":{"start":{"line":2,"column":16},"end":{"line":2,"column":53}}}},"statementMap":{"1":{"start":{"line":1,"column":0},"end":{"line":16,"column":1}},"2":{"start":{"line":3,"column":8},"end":{"line":13,"column":9}},"3":{"start":{"line":5,"column":11},"end":{"line":9,"column":14}},"4":{"start":{"line":12,"column":12},"end":{"line":12,"column":18}}},"branchMap":{"1":{"line":3,"type":"if","locations":[{"start":{"line":3,"column":8},"end":{"line":3,"column":8}},{"start":{"line":3,"column":8},"end":{"line":3,"column":8}}]}}},"E:\\Vue_project\\djblog_node\\controller\\oneBlog.js":{"path":"E:\\Vue_project\\djblog_node\\controller\\oneBlog.js","s":{"1":1,"2":1,"3":1,"4":0,"5":0,"6":0,"7":0,"8":0,"9":0,"10":0,"11":0,"12":0,"13":0,"14":0,"15":0,"16":0,"17":0,"18":0,"19":0,"20":0,"21":0,"22":0,"23":0},"b":{"1":[0,0],"2":[0,0],"3":[0,0],"4":[0,0]},"f":{"1":0,"2":0,"3":0,"4":0,"5":0,"6":0,"7":0,"8":0},"fnMap":{"1":{"name":"(anonymous_1)","line":7,"loc":{"start":{"line":7,"column":17},"end":{"line":7,"column":37}}},"2":{"name":"(anonymous_2)","line":18,"loc":{"start":{"line":18,"column":21},"end":{"line":18,"column":35}}},"3":{"name":"(anonymous_3)","line":35,"loc":{"start":{"line":35,"column":19},"end":{"line":35,"column":39}}},"4":{"name":"(anonymous_4)","line":39,"loc":{"start":{"line":39,"column":11},"end":{"line":39,"column":26}}},"5":{"name":"(anonymous_5)","line":51,"loc":{"start":{"line":51,"column":16},"end":{"line":51,"column":36}}},"6":{"name":"(anonymous_6)","line":55,"loc":{"start":{"line":55,"column":11},"end":{"line":55,"column":35}}},"7":{"name":"(anonymous_7)","line":68,"loc":{"start":{"line":68,"column":19},"end":{"line":68,"column":39}}},"8":{"name":"(anonymous_8)","line":78,"loc":{"start":{"line":78,"column":11},"end":{"line":78,"column":26}}}},"statementMap":{"1":{"start":{"line":2,"column":0},"end":{"line":2,"column":51}},"2":{"start":{"line":3,"column":0},"end":{"line":3,"column":57}},"3":{"start":{"line":5,"column":0},"end":{"line":94,"column":1}},"4":{"start":{"line":8,"column":8},"end":{"line":17,"column":10}},"5":{"start":{"line":18,"column":8},"end":{"line":32,"column":10}},"6":{"start":{"line":19,"column":12},"end":{"line":31,"column":13}},"7":{"start":{"line":20,"column":16},"end":{"line":24,"column":17}},"8":{"start":{"line":26,"column":16},"end":{"line":30,"column":17}},"9":{"start":{"line":36,"column":8},"end":{"line":36,"column":29}},"10":{"start":{"line":37,"column":8},"end":{"line":48,"column":10}},"11":{"start":{"line":40,"column":12},"end":{"line":42,"column":13}},"12":{"start":{"line":41,"column":16},"end":{"line":41,"column":32}},"13":{"start":{"line":43,"column":12},"end":{"line":47,"column":13}},"14":{"start":{"line":52,"column":8},"end":{"line":52,"column":29}},"15":{"start":{"line":53,"column":8},"end":{"line":65,"column":10}},"16":{"start":{"line":56,"column":12},"end":{"line":58,"column":13}},"17":{"start":{"line":57,"column":16},"end":{"line":57,"column":32}},"18":{"start":{"line":59,"column":12},"end":{"line":64,"column":13}},"19":{"start":{"line":69,"column":8},"end":{"line":69,"column":29}},"20":{"start":{"line":70,"column":8},"end":{"line":92,"column":10}},"21":{"start":{"line":79,"column":12},"end":{"line":86,"column":13}},"22":{"start":{"line":80,"column":16},"end":{"line":85,"column":17}},"23":{"start":{"line":87,"column":12},"end":{"line":91,"column":13}}},"branchMap":{"1":{"line":19,"type":"if","locations":[{"start":{"line":19,"column":12},"end":{"line":19,"column":12}},{"start":{"line":19,"column":12},"end":{"line":19,"column":12}}]},"2":{"line":40,"type":"if","locations":[{"start":{"line":40,"column":12},"end":{"line":40,"column":12}},{"start":{"line":40,"column":12},"end":{"line":40,"column":12}}]},"3":{"line":56,"type":"if","locations":[{"start":{"line":56,"column":12},"end":{"line":56,"column":12}},{"start":{"line":56,"column":12},"end":{"line":56,"column":12}}]},"4":{"line":79,"type":"if","locations":[{"start":{"line":79,"column":12},"end":{"line":79,"column":12}},{"start":{"line":79,"column":12},"end":{"line":79,"column":12}}]}}},"E:\\Vue_project\\djblog_node\\models\\article.js":{"path":"E:\\Vue_project\\djblog_node\\models\\article.js","s":{"1":1,"2":1,"3":1,"4":1,"5":1,"6":1,"7":1},"b":{},"f":{},"fnMap":{},"statementMap":{"1":{"start":{"line":1,"column":0},"end":{"line":1,"column":35}},"2":{"start":{"line":2,"column":0},"end":{"line":2,"column":31}},"3":{"start":{"line":3,"column":0},"end":{"line":3,"column":47}},"4":{"start":{"line":4,"column":0},"end":{"line":4,"column":60}},"5":{"start":{"line":5,"column":0},"end":{"line":5,"column":29}},"6":{"start":{"line":6,"column":0},"end":{"line":39,"column":3}},"7":{"start":{"line":40,"column":0},"end":{"line":40,"column":59}}},"branchMap":{}},"E:\\Vue_project\\djblog_node\\config\\default.js":{"path":"E:\\Vue_project\\djblog_node\\config\\default.js","s":{"1":1},"b":{},"f":{},"fnMap":{},"statementMap":{"1":{"start":{"line":1,"column":0},"end":{"line":9,"column":1}}},"branchMap":{}},"E:\\Vue_project\\djblog_node\\utils\\utils.js":{"path":"E:\\Vue_project\\djblog_node\\utils\\utils.js","s":{"1":1,"2":5,"3":1,"4":4},"b":{"1":[1,4]},"f":{"1":5},"fnMap":{"1":{"name":"(anonymous_1)","line":2,"loc":{"start":{"line":2,"column":21},"end":{"line":2,"column":74}}}},"statementMap":{"1":{"start":{"line":1,"column":0},"end":{"line":17,"column":1}},"2":{"start":{"line":3,"column":8},"end":{"line":14,"column":9}},"3":{"start":{"line":4,"column":12},"end":{"line":8,"column":13}},"4":{"start":{"line":10,"column":12},"end":{"line":13,"column":13}}},"branchMap":{"1":{"line":3,"type":"if","locations":[{"start":{"line":3,"column":8},"end":{"line":3,"column":8}},{"start":{"line":3,"column":8},"end":{"line":3,"column":8}}]}}},"E:\\Vue_project\\djblog_node\\controller\\login.js":{"path":"E:\\Vue_project\\djblog_node\\controller\\login.js","s":{"1":1,"2":1,"3":1,"4":2,"5":2,"6":2,"7":0,"8":2,"9":1,"10":1,"11":1,"12":1,"13":1,"14":1,"15":1},"b":{"1":[0,2],"2":[1,1]},"f":{"1":2,"2":2,"3":1},"fnMap":{"1":{"name":"(anonymous_1)","line":5,"loc":{"start":{"line":5,"column":8},"end":{"line":5,"column":28}}},"2":{"name":"(anonymous_2)","line":10,"loc":{"start":{"line":10,"column":21},"end":{"line":10,"column":44}}},"3":{"name":"(anonymous_3)","line":32,"loc":{"start":{"line":32,"column":11},"end":{"line":32,"column":31}}}},"statementMap":{"1":{"start":{"line":2,"column":0},"end":{"line":2,"column":42}},"2":{"start":{"line":3,"column":0},"end":{"line":3,"column":57}},"3":{"start":{"line":5,"column":0},"end":{"line":30,"column":1}},"4":{"start":{"line":6,"column":4},"end":{"line":9,"column":5}},"5":{"start":{"line":10,"column":4},"end":{"line":29,"column":7}},"6":{"start":{"line":11,"column":8},"end":{"line":13,"column":9}},"7":{"start":{"line":12,"column":12},"end":{"line":12,"column":28}},"8":{"start":{"line":14,"column":8},"end":{"line":28,"column":9}},"9":{"start":{"line":15,"column":12},"end":{"line":15,"column":47}},"10":{"start":{"line":16,"column":12},"end":{"line":20,"column":13}},"11":{"start":{"line":22,"column":12},"end":{"line":27,"column":13}},"12":{"start":{"line":32,"column":0},"end":{"line":39,"column":1}},"13":{"start":{"line":33,"column":4},"end":{"line":33,"column":27}},"14":{"start":{"line":34,"column":4},"end":{"line":38,"column":5}},"15":{"start":{"line":41,"column":0},"end":{"line":41,"column":35}}},"branchMap":{"1":{"line":11,"type":"if","locations":[{"start":{"line":11,"column":8},"end":{"line":11,"column":8}},{"start":{"line":11,"column":8},"end":{"line":11,"column":8}}]},"2":{"line":14,"type":"if","locations":[{"start":{"line":14,"column":8},"end":{"line":14,"column":8}},{"start":{"line":14,"column":8},"end":{"line":14,"column":8}}]}}},"E:\\Vue_project\\djblog_node\\models\\user.js":{"path":"E:\\Vue_project\\djblog_node\\models\\user.js","s":{"1":1,"2":1,"3":1,"4":1,"5":1,"6":1},"b":{},"f":{},"fnMap":{},"statementMap":{"1":{"start":{"line":2,"column":0},"end":{"line":2,"column":35}},"2":{"start":{"line":3,"column":0},"end":{"line":3,"column":47}},"3":{"start":{"line":4,"column":0},"end":{"line":4,"column":60}},"4":{"start":{"line":5,"column":0},"end":{"line":5,"column":29}},"5":{"start":{"line":6,"column":0},"end":{"line":9,"column":3}},"6":{"start":{"line":10,"column":0},"end":{"line":10,"column":51}}},"branchMap":{}},"E:\\Vue_project\\djblog_node\\controller\\getAllBlog.js":{"path":"E:\\Vue_project\\djblog_node\\controller\\getAllBlog.js","s":{"1":1,"2":1,"3":1,"4":0,"5":0,"6":0,"7":0,"8":0,"9":0},"b":{"1":[0,0],"2":[0,0]},"f":{"1":0,"2":0},"fnMap":{"1":{"name":"(anonymous_1)","line":6,"loc":{"start":{"line":6,"column":17},"end":{"line":6,"column":37}}},"2":{"name":"(anonymous_2)","line":7,"loc":{"start":{"line":7,"column":17},"end":{"line":7,"column":40}}}},"statementMap":{"1":{"start":{"line":2,"column":0},"end":{"line":2,"column":51}},"2":{"start":{"line":3,"column":0},"end":{"line":3,"column":57}},"3":{"start":{"line":6,"column":0},"end":{"line":27,"column":1}},"4":{"start":{"line":7,"column":4},"end":{"line":26,"column":7}},"5":{"start":{"line":8,"column":8},"end":{"line":10,"column":9}},"6":{"start":{"line":9,"column":12},"end":{"line":9,"column":28}},"7":{"start":{"line":11,"column":8},"end":{"line":25,"column":9}},"8":{"start":{"line":12,"column":12},"end":{"line":17,"column":13}},"9":{"start":{"line":19,"column":12},"end":{"line":24,"column":13}}},"branchMap":{"1":{"line":8,"type":"if","locations":[{"start":{"line":8,"column":8},"end":{"line":8,"column":8}},{"start":{"line":8,"column":8},"end":{"line":8,"column":8}}]},"2":{"line":11,"type":"if","locations":[{"start":{"line":11,"column":8},"end":{"line":11,"column":8}},{"start":{"line":11,"column":8},"end":{"line":11,"column":8}}]}}},"E:\\Vue_project\\djblog_node\\controller\\getAllBlogByAdmin.js":{"path":"E:\\Vue_project\\djblog_node\\controller\\getAllBlogByAdmin.js","s":{"1":1,"2":1,"3":1,"4":1,"5":0,"6":0,"7":0,"8":0,"9":0,"10":0,"11":0,"12":0,"13":0,"14":0,"15":0,"16":0,"17":0,"18":0,"19":0,"20":0},"b":{"1":[0,0],"2":[0,0],"3":[0,0],"4":[0,0]},"f":{"1":0,"2":0,"3":0,"4":0},"fnMap":{"1":{"name":"(anonymous_1)","line":5,"loc":{"start":{"line":5,"column":17},"end":{"line":5,"column":37}}},"2":{"name":"(anonymous_2)","line":13,"loc":{"start":{"line":13,"column":21},"end":{"line":13,"column":45}}},"3":{"name":"(anonymous_3)","line":20,"loc":{"start":{"line":20,"column":74},"end":{"line":20,"column":94}}},"4":{"name":"(anonymous_4)","line":25,"loc":{"start":{"line":25,"column":47},"end":{"line":25,"column":61}}}},"statementMap":{"1":{"start":{"line":2,"column":0},"end":{"line":2,"column":51}},"2":{"start":{"line":3,"column":0},"end":{"line":3,"column":57}},"3":{"start":{"line":4,"column":0},"end":{"line":4,"column":43}},"4":{"start":{"line":5,"column":0},"end":{"line":62,"column":1}},"5":{"start":{"line":10,"column":4},"end":{"line":10,"column":35}},"6":{"start":{"line":11,"column":4},"end":{"line":11,"column":39}},"7":{"start":{"line":13,"column":4},"end":{"line":61,"column":6}},"8":{"start":{"line":14,"column":8},"end":{"line":16,"column":9}},"9":{"start":{"line":15,"column":12},"end":{"line":15,"column":28}},"10":{"start":{"line":17,"column":8},"end":{"line":60,"column":9}},"11":{"start":{"line":19,"column":12},"end":{"line":19,"column":40}},"12":{"start":{"line":20,"column":12},"end":{"line":51,"column":15}},"13":{"start":{"line":21,"column":16},"end":{"line":23,"column":17}},"14":{"start":{"line":22,"column":20},"end":{"line":22,"column":36}},"15":{"start":{"line":24,"column":16},"end":{"line":50,"column":17}},"16":{"start":{"line":25,"column":20},"end":{"line":33,"column":22}},"17":{"start":{"line":26,"column":24},"end":{"line":32,"column":25}},"18":{"start":{"line":34,"column":20},"end":{"line":42,"column":21}},"19":{"start":{"line":44,"column":20},"end":{"line":49,"column":21}},"20":{"start":{"line":54,"column":12},"end":{"line":59,"column":13}}},"branchMap":{"1":{"line":14,"type":"if","locations":[{"start":{"line":14,"column":8},"end":{"line":14,"column":8}},{"start":{"line":14,"column":8},"end":{"line":14,"column":8}}]},"2":{"line":17,"type":"if","locations":[{"start":{"line":17,"column":8},"end":{"line":17,"column":8}},{"start":{"line":17,"column":8},"end":{"line":17,"column":8}}]},"3":{"line":21,"type":"if","locations":[{"start":{"line":21,"column":16},"end":{"line":21,"column":16}},{"start":{"line":21,"column":16},"end":{"line":21,"column":16}}]},"4":{"line":24,"type":"if","locations":[{"start":{"line":24,"column":16},"end":{"line":24,"column":16}},{"start":{"line":24,"column":16},"end":{"line":24,"column":16}}]}}},"E:\\Vue_project\\djblog_node\\models\\getBlog.js":{"path":"E:\\Vue_project\\djblog_node\\models\\getBlog.js","s":{"1":1,"2":1,"3":0,"4":0},"b":{},"f":{"1":0,"2":0},"fnMap":{"1":{"name":"(anonymous_1)","line":5,"loc":{"start":{"line":5,"column":17},"end":{"line":5,"column":29}}},"2":{"name":"(anonymous_2)","line":9,"loc":{"start":{"line":9,"column":28},"end":{"line":9,"column":52}}}},"statementMap":{"1":{"start":{"line":1,"column":0},"end":{"line":1,"column":51}},"2":{"start":{"line":4,"column":0},"end":{"line":12,"column":1}},"3":{"start":{"line":6,"column":8},"end":{"line":6,"column":36}},"4":{"start":{"line":10,"column":8},"end":{"line":10,"column":72}}},"branchMap":{}},"E:\\Vue_project\\djblog_node\\controller\\getUserInfo.js":{"path":"E:\\Vue_project\\djblog_node\\controller\\getUserInfo.js","s":{"1":1,"2":1,"3":0},"b":{},"f":{"1":0},"fnMap":{"1":{"name":"(anonymous_1)","line":5,"loc":{"start":{"line":5,"column":17},"end":{"line":5,"column":37}}}},"statementMap":{"1":{"start":{"line":2,"column":0},"end":{"line":2,"column":57}},"2":{"start":{"line":5,"column":0},"end":{"line":14,"column":1}},"3":{"start":{"line":6,"column":4},"end":{"line":13,"column":5}}},"branchMap":{}}}