TN:
SF:E:\Vue_project\djblog_node\app.js
FN:64,(anonymous_1)
FNF:1
FNH:0
FNDA:0,(anonymous_1)
DA:1,1
DA:2,1
DA:3,1
DA:4,1
DA:5,1
DA:6,1
DA:7,1
DA:8,1
DA:9,1
DA:10,1
DA:11,1
DA:12,1
DA:13,1
DA:44,1
DA:59,1
DA:61,1
DA:64,0
DA:65,0
LF:18
LH:16
BRDA:59,1,0,1
BRDA:59,1,1,0
BRF:2
BRH:1
end_of_record
TN:
SF:E:\Vue_project\djblog_node\routes\index.js
FNF:0
FNH:0
DA:1,1
DA:2,1
DA:3,1
DA:4,1
DA:13,1
DA:16,1
DA:19,1
DA:22,1
DA:25,1
DA:28,1
DA:31,1
DA:34,1
DA:37,1
DA:39,1
LF:14
LH:14
BRF:0
BRH:0
end_of_record
TN:
SF:E:\Vue_project\djblog_node\middlewares\checkLogin.js
FN:2,checkLogin
FNF:1
FNH:0
FNDA:0,checkLogin
DA:1,1
DA:3,0
DA:5,0
DA:12,0
LF:4
LH:1
BRDA:3,1,0,0
BRDA:3,1,1,0
BRF:2
BRH:0
end_of_record
TN:
SF:E:\Vue_project\djblog_node\controller\oneBlog.js
FN:7,(anonymous_1)
FN:18,(anonymous_2)
FN:35,(anonymous_3)
FN:39,(anonymous_4)
FN:51,(anonymous_5)
FN:55,(anonymous_6)
FN:68,(anonymous_7)
FN:78,(anonymous_8)
FNF:8
FNH:0
FNDA:0,(anonymous_1)
FNDA:0,(anonymous_2)
FNDA:0,(anonymous_3)
FNDA:0,(anonymous_4)
FNDA:0,(anonymous_5)
FNDA:0,(anonymous_6)
FNDA:0,(anonymous_7)
FNDA:0,(anonymous_8)
DA:2,1
DA:3,1
DA:5,1
DA:8,0
DA:18,0
DA:19,0
DA:20,0
DA:26,0
DA:36,0
DA:37,0
DA:40,0
DA:41,0
DA:43,0
DA:52,0
DA:53,0
DA:56,0
DA:57,0
DA:59,0
DA:69,0
DA:70,0
DA:79,0
DA:80,0
DA:87,0
LF:23
LH:3
BRDA:19,1,0,0
BRDA:19,1,1,0
BRDA:40,2,0,0
BRDA:40,2,1,0
BRDA:56,3,0,0
BRDA:56,3,1,0
BRDA:79,4,0,0
BRDA:79,4,1,0
BRF:8
BRH:0
end_of_record
TN:
SF:E:\Vue_project\djblog_node\models\article.js
FNF:0
FNH:0
DA:1,1
DA:2,1
DA:3,1
DA:4,1
DA:5,1
DA:6,1
DA:40,1
LF:7
LH:7
BRF:0
BRH:0
end_of_record
TN:
SF:E:\Vue_project\djblog_node\config\default.js
FNF:0
FNH:0
DA:1,1
LF:1
LH:1
BRF:0
BRH:0
end_of_record
TN:
SF:E:\Vue_project\djblog_node\utils\utils.js
FN:2,(anonymous_1)
FNF:1
FNH:1
FNDA:3,(anonymous_1)
DA:1,1
DA:3,3
DA:4,0
DA:10,3
LF:4
LH:3
BRDA:3,1,0,0
BRDA:3,1,1,3
BRF:2
BRH:1
end_of_record
TN:
SF:E:\Vue_project\djblog_node\controller\login.js
FN:5,(anonymous_1)
FN:10,(anonymous_2)
FN:32,(anonymous_3)
FNF:3
FNH:3
FNDA:2,(anonymous_1)
FNDA:2,(anonymous_2)
FNDA:1,(anonymous_3)
DA:2,1
DA:3,1
DA:5,1
DA:6,2
DA:10,2
DA:11,2
DA:12,0
DA:14,2
DA:15,1
DA:16,1
DA:22,1
DA:32,1
DA:33,1
DA:34,1
DA:41,1
LF:15
LH:14
BRDA:11,1,0,0
BRDA:11,1,1,2
BRDA:14,2,0,1
BRDA:14,2,1,1
BRF:4
BRH:3
end_of_record
TN:
SF:E:\Vue_project\djblog_node\models\user.js
FNF:0
FNH:0
DA:2,1
DA:3,1
DA:4,1
DA:5,1
DA:6,1
DA:10,1
LF:6
LH:6
BRF:0
BRH:0
end_of_record
TN:
SF:E:\Vue_project\djblog_node\controller\getAllBlog.js
FN:6,(anonymous_1)
FN:7,(anonymous_2)
FNF:2
FNH:0
FNDA:0,(anonymous_1)
FNDA:0,(anonymous_2)
DA:2,1
DA:3,1
DA:6,1
DA:7,0
DA:8,0
DA:9,0
DA:11,0
DA:12,0
DA:19,0
LF:9
LH:3
BRDA:8,1,0,0
BRDA:8,1,1,0
BRDA:11,2,0,0
BRDA:11,2,1,0
BRF:4
BRH:0
end_of_record
TN:
SF:E:\Vue_project\djblog_node\controller\getAllBlogByAdmin.js
FN:5,(anonymous_1)
FN:13,(anonymous_2)
FN:20,(anonymous_3)
FN:25,(anonymous_4)
FNF:4
FNH:0
FNDA:0,(anonymous_1)
FNDA:0,(anonymous_2)
FNDA:0,(anonymous_3)
FNDA:0,(anonymous_4)
DA:2,1
DA:3,1
DA:4,1
DA:5,1
DA:10,0
DA:11,0
DA:13,0
DA:14,0
DA:15,0
DA:17,0
DA:19,0
DA:20,0
DA:21,0
DA:22,0
DA:24,0
DA:25,0
DA:26,0
DA:34,0
DA:44,0
DA:54,0
LF:20
LH:4
BRDA:14,1,0,0
BRDA:14,1,1,0
BRDA:17,2,0,0
BRDA:17,2,1,0
BRDA:21,3,0,0
BRDA:21,3,1,0
BRDA:24,4,0,0
BRDA:24,4,1,0
BRF:8
BRH:0
end_of_record
TN:
SF:E:\Vue_project\djblog_node\models\getBlog.js
FN:5,(anonymous_1)
FN:9,(anonymous_2)
FNF:2
FNH:0
FNDA:0,(anonymous_1)
FNDA:0,(anonymous_2)
DA:1,1
DA:4,1
DA:6,0
DA:10,0
LF:4
LH:2
BRF:0
BRH:0
end_of_record
TN:
SF:E:\Vue_project\djblog_node\controller\getUserInfo.js
FN:5,(anonymous_1)
FNF:1
FNH:0
FNDA:0,(anonymous_1)
DA:2,1
DA:5,1
DA:6,0
LF:3
LH:2
BRF:0
BRH:0
end_of_record
